<?xml version="1.0" encoding="UTF-8"?>
<!-- Generated by org.testng.reporters.JUnitReportReporter -->
<testsuite skipped="0" hostname="Case360-Test" name="com.opentext.wf.tests.WFSmokeTest" tests="1" failures="0" timestamp="05 Dec 2017 08:42:30 GMT" time="1.928" errors="0">
  <testcase name="loginIntoWWA" time="1.928" classname="com.opentext.wf.tests.WFSmokeTest"/>
</testsuite> <!-- com.opentext.wf.tests.WFSmokeTest -->
