<?xml version="1.0" encoding="UTF-8"?>
<!-- Generated by org.testng.reporters.JUnitReportReporter -->
<testsuite skipped="0" hostname="Case360-Test" name="com.opentext.wf.tests.WFSmokeTest" tests="10" failures="0" timestamp="16 Feb 2018 09:35:39 GMT" time="49.141" errors="0">
  <testcase name="loginIntoWWA" time="29.708" classname="com.opentext.wf.tests.WFSmokeTest"/>
  <testcase name="InboxView" time="2.493" classname="com.opentext.wf.tests.WFSmokeTest"/>
  <testcase name="OutboxView" time="2.271" classname="com.opentext.wf.tests.WFSmokeTest"/>
  <testcase name="OverdueView" time="2.506" classname="com.opentext.wf.tests.WFSmokeTest"/>
  <testcase name="CompanyNameView" time="2.139" classname="com.opentext.wf.tests.WFSmokeTest"/>
  <testcase name="WWAImageLoadCheck" time="0.328" classname="com.opentext.wf.tests.WFSmokeTest"/>
  <testcase name="FolderListView" time="2.164" classname="com.opentext.wf.tests.WFSmokeTest"/>
  <testcase name="CWFShortcutsView" time="1.880" classname="com.opentext.wf.tests.WFSmokeTest"/>
  <testcase name="DddShortcutsView" time="3.617" classname="com.opentext.wf.tests.WFSmokeTest"/>
  <testcase name="LogoffCheck" time="2.035" classname="com.opentext.wf.tests.WFSmokeTest"/>
</testsuite> <!-- com.opentext.wf.tests.WFSmokeTest -->
