<?xml version="1.0" encoding="UTF-8"?>
<!-- Generated by org.testng.reporters.JUnitReportReporter -->
<testsuite skipped="0" hostname="Case360-Test" name="com.opentext.wf.tests.WFSmokeTest" tests="1" failures="0" timestamp="29 Nov 2017 08:19:52 GMT" time="1.913" errors="0">
  <testcase name="loginIntoWWA" time="1.913" classname="com.opentext.wf.tests.WFSmokeTest"/>
</testsuite> <!-- com.opentext.wf.tests.WFSmokeTest -->
