<?xml version="1.0" encoding="UTF-8"?>
<!-- Generated by org.testng.reporters.JUnitReportReporter -->
<testsuite skipped="0" hostname="Case360-Test" name="com.opentext.wf.tests.WFSmokeTest" tests="2" failures="0" timestamp="07 Feb 2018 09:35:09 GMT" time="31.681" errors="0">
  <testcase name="loginIntoWWA" time="29.265" classname="com.opentext.wf.tests.WFSmokeTest"/>
  <testcase name="InboxView" time="2.416" classname="com.opentext.wf.tests.WFSmokeTest"/>
</testsuite> <!-- com.opentext.wf.tests.WFSmokeTest -->
